Completed 16.0 KiB/16.0 KiB (28.4 KiB/s) with 1 file(s) remainingdownload: s3://openneuro.org/ds000030/participants.tsv to cnp_data/participants.tsv
[1/3] Downloading participants.tsv ...
  $ aws s3 cp s3://openneuro.org/ds000030/participants.tsv cnp_data/participants.tsv --no-sign-request

[2/3] Inspecting participants ...
  Total subjects : 272
  Columns        : ['participant_id', 'diagnosis', 'age', 'gender', 'bart', 'bht', 'dwi', 'pamenc', 'pamret', 'rest', 'scap', 'stopsignal', 'T1w', 'taskswitch', 'ScannerSerialNumber', 'ghost_NoGhost']

  Diagnosis breakdown:
diagnosis
CONTROL    130
SCHZ        50
BIPOLAR     49
ADHD        43

[3/3] Downloading T1w structural MRI scans ...
  This will download ~5-8 GB. Running in background via tmux recommended.
  Subjects to download: 272
  Downloaded 10/272 ...
  Downloaded 20/272 ...
  Downloaded 30/272 ...
  Downloaded 40/272 ...
  Downloaded 50/272 ...
  Downloaded 60/272 ...
  Downloaded 70/272 ...
  Downloaded 80/272 ...
  Downloaded 90/272 ...
  Downloaded 100/272 ...
  Downloaded 110/272 ...
  Downloaded 120/272 ...
  Downloaded 130/272 ...
  Downloaded 140/272 ...
  Downloaded 150/272 ...
  Downloaded 160/272 ...
  Downloaded 170/272 ...
  Downloaded 180/272 ...
  Downloaded 190/272 ...
  Downloaded 200/272 ...
  Downloaded 210/272 ...
  Downloaded 220/272 ...
  Downloaded 230/272 ...
  Downloaded 240/272 ...
  Downloaded 250/272 ...
  Downloaded 260/272 ...

Download complete:
  Downloaded : 265
  Skipped    : 0 (already exist)
  Failed     : 7

Next step: run scripts/10_preprocess_cnp.py
